<?xml version="1.0" encoding="UTF-8"?>
<!-- Generated by org.testng.reporters.JUnitReportReporter -->
<testsuite ignored="0" hostname="DESKTOP-3UJHRB4" failures="0" tests="1" name="prueba.NewTest" time="1.898" errors="0" timestamp="27 Aug 2022 15:31:08 GMT" skipped="0">
  <testcase classname="prueba.NewTest" name="f" time="1.898"/>
</testsuite> <!-- prueba.NewTest -->
